# JRE version: Java(TM) SE Runtime Environment (8.0_161-b12) (build 1.8.0_161-b12)
# Java VM: Java HotSpot(TM) 64-Bit Server VM (25.161-b12 mixed mode bsd-amd64 compressed oops)
Heap:
 PSYoungGen      total 103424K, used 23830K [0x000000076ab00000, 0x0000000772d80000, 0x00000007c0000000)
  eden space 73216K, 5% used [0x000000076ab00000,0x000000076aea5cd8,0x000000076f280000)
  from space 30208K, 66% used [0x0000000771000000,0x000000077239ff08,0x0000000772d80000)
  to   space 30208K, 0% used [0x000000076f280000,0x000000076f280000,0x0000000771000000)
 ParOldGen       total 175104K, used 120958K [0x00000006c0000000, 0x00000006cab00000, 0x000000076ab00000)
  object space 175104K, 69% used [0x00000006c0000000,0x00000006c761fa10,0x00000006cab00000)
 Metaspace       used 14920K, capacity 15284K, committed 15488K, reserved 1062912K
  class space    used 1692K, capacity 1796K, committed 1920K, reserved 1048576K
GC Heap History (10 events):
Event: 4230.661 GC heap before
{Heap before GC invocations=30 (full 0):
 PSYoungGen      total 55808K, used 55531K [0x000000076ab00000, 0x0000000770c80000, 0x00000007c0000000)
  eden space 43520K, 100% used [0x000000076ab00000,0x000000076d580000,0x000000076d580000)
  from space 12288K, 97% used [0x000000076d600000,0x000000076e1baf28,0x000000076e200000)
  to   space 28160K, 0% used [0x000000076f100000,0x000000076f100000,0x0000000770c80000)
 ParOldGen       total 175104K, used 113555K [0x00000006c0000000, 0x00000006cab00000, 0x000000076ab00000)
  object space 175104K, 64% used [0x00000006c0000000,0x00000006c6ee4fd0,0x00000006cab00000)
 Metaspace       used 14888K, capacity 15220K, committed 15488K, reserved 1062912K
  class space    used 1688K, capacity 1796K, committed 1920K, reserved 1048576K
Event: 4230.668 GC heap after
Heap after GC invocations=30 (full 0):
 PSYoungGen      total 72704K, used 13102K [0x000000076ab00000, 0x0000000771780000, 0x00000007c0000000)
  eden space 44544K, 0% used [0x000000076ab00000,0x000000076ab00000,0x000000076d680000)
  from space 28160K, 46% used [0x000000076f100000,0x000000076fdcb950,0x0000000770c80000)
  to   space 27136K, 0% used [0x000000076d680000,0x000000076d680000,0x000000076f100000)
 ParOldGen       total 175104K, used 113892K [0x00000006c0000000, 0x00000006cab00000, 0x000000076ab00000)
  object space 175104K, 65% used [0x00000006c0000000,0x00000006c6f393b0,0x00000006cab00000)
 Metaspace       used 14888K, capacity 15220K, committed 15488K, reserved 1062912K
  class space    used 1688K, capacity 1796K, committed 1920K, reserved 1048576K
}
Event: 4230.918 GC heap before
{Heap before GC invocations=31 (full 0):
 PSYoungGen      total 72704K, used 57646K [0x000000076ab00000, 0x0000000771780000, 0x00000007c0000000)
  eden space 44544K, 100% used [0x000000076ab00000,0x000000076d680000,0x000000076d680000)
  from space 28160K, 46% used [0x000000076f100000,0x000000076fdcb950,0x0000000770c80000)
  to   space 27136K, 0% used [0x000000076d680000,0x000000076d680000,0x000000076f100000)
 ParOldGen       total 175104K, used 113892K [0x00000006c0000000, 0x00000006cab00000, 0x000000076ab00000)
  object space 175104K, 65% used [0x00000006c0000000,0x00000006c6f393b0,0x00000006cab00000)
 Metaspace       used 14890K, capacity 15220K, committed 15488K, reserved 1062912K
  class space    used 1688K, capacity 1796K, committed 1920K, reserved 1048576K
Event: 4230.925 GC heap after
Heap after GC invocations=31 (full 0):
 PSYoungGen      total 71680K, used 23575K [0x000000076ab00000, 0x0000000771d00000, 0x00000007c0000000)
  eden space 44544K, 0% used [0x000000076ab00000,0x000000076ab00000,0x000000076d680000)
  from space 27136K, 86% used [0x000000076d680000,0x000000076ed85e70,0x000000076f100000)
  to   space 29184K, 0% used [0x0000000770080000,0x0000000770080000,0x0000000771d00000)
 ParOldGen       total 175104K, used 114342K [0x00000006c0000000, 0x00000006cab00000, 0x000000076ab00000)
  object space 175104K, 65% used [0x00000006c0000000,0x00000006c6fa9988,0x00000006cab00000)
 Metaspace       used 14890K, capacity 15220K, committed 15488K, reserved 1062912K
  class space    used 1688K, capacity 1796K, committed 1920K, reserved 1048576K
}
Event: 4234.130 GC heap before
{Heap before GC invocations=32 (full 0):
 PSYoungGen      total 71680K, used 68119K [0x000000076ab00000, 0x0000000771d00000, 0x00000007c0000000)
  eden space 44544K, 100% used [0x000000076ab00000,0x000000076d680000,0x000000076d680000)
  from space 27136K, 86% used [0x000000076d680000,0x000000076ed85e70,0x000000076f100000)
  to   space 29184K, 0% used [0x0000000770080000,0x0000000770080000,0x0000000771d00000)
 ParOldGen       total 175104K, used 114342K [0x00000006c0000000, 0x00000006cab00000, 0x000000076ab00000)
  object space 175104K, 65% used [0x00000006c0000000,0x00000006c6fa9988,0x00000006cab00000)
 Metaspace       used 14890K, capacity 15220K, committed 15488K, reserved 1062912K
  class space    used 1688K, capacity 1796K, committed 1920K, reserved 1048576K
Event: 4234.138 GC heap after
Heap after GC invocations=32 (full 0):
 PSYoungGen      total 86528K, used 18474K [0x000000076ab00000, 0x0000000771c00000, 0x00000007c0000000)
  eden space 58368K, 0% used [0x000000076ab00000,0x000000076ab00000,0x000000076e400000)
  from space 28160K, 65% used [0x0000000770080000,0x000000077128abe0,0x0000000771c00000)
  to   space 28672K, 0% used [0x000000076e400000,0x000000076e400000,0x0000000770000000)
 ParOldGen       total 175104K, used 114671K [0x00000006c0000000, 0x00000006cab00000, 0x000000076ab00000)
  object space 175104K, 65% used [0x00000006c0000000,0x00000006c6ffbc70,0x00000006cab00000)
 Metaspace       used 14890K, capacity 15220K, committed 15488K, reserved 1062912K
  class space    used 1688K, capacity 1796K, committed 1920K, reserved 1048576K
}
Event: 4234.461 GC heap before
{Heap before GC invocations=33 (full 0):
 PSYoungGen      total 86528K, used 76842K [0x000000076ab00000, 0x0000000771c00000, 0x00000007c0000000)
  eden space 58368K, 100% used [0x000000076ab00000,0x000000076e400000,0x000000076e400000)
  from space 28160K, 65% used [0x0000000770080000,0x000000077128abe0,0x0000000771c00000)
  to   space 28672K, 0% used [0x000000076e400000,0x000000076e400000,0x0000000770000000)
 ParOldGen       total 175104K, used 114671K [0x00000006c0000000, 0x00000006cab00000, 0x000000076ab00000)
  object space 175104K, 65% used [0x00000006c0000000,0x00000006c6ffbc70,0x00000006cab00000)
 Metaspace       used 14890K, capacity 15220K, committed 15488K, reserved 1062912K
  class space    used 1688K, capacity 1796K, committed 1920K, reserved 1048576K
Event: 4234.475 GC heap after
Heap after GC invocations=33 (full 0):
 PSYoungGen      total 87040K, used 23860K [0x000000076ab00000, 0x0000000772d80000, 0x00000007c0000000)
  eden space 58368K, 0% used [0x000000076ab00000,0x000000076ab00000,0x000000076e400000)
  from space 28672K, 83% used [0x000000076e400000,0x000000076fb4d3b0,0x0000000770000000)
  to   space 30208K, 0% used [0x0000000771000000,0x0000000771000000,0x0000000772d80000)
 ParOldGen       total 175104K, used 120372K [0x00000006c0000000, 0x00000006cab00000, 0x000000076ab00000)
  object space 175104K, 68% used [0x00000006c0000000,0x00000006c758d158,0x00000006cab00000)
 Metaspace       used 14890K, capacity 15220K, committed 15488K, reserved 1062912K
  class space    used 1688K, capacity 1796K, committed 1920K, reserved 1048576K
}
Event: 4391.609 GC heap before
{Heap before GC invocations=34 (full 0):
 PSYoungGen      total 87040K, used 81025K [0x000000076ab00000, 0x0000000772d80000, 0x00000007c0000000)
  eden space 58368K, 97% used [0x000000076ab00000,0x000000076e2d3290,0x000000076e400000)
  from space 28672K, 83% used [0x000000076e400000,0x000000076fb4d3b0,0x0000000770000000)
  to   space 30208K, 0% used [0x0000000771000000,0x0000000771000000,0x0000000772d80000)
 ParOldGen       total 175104K, used 120372K [0x00000006c0000000, 0x00000006cab00000, 0x000000076ab00000)
  object space 175104K, 68% used [0x00000006c0000000,0x00000006c758d158,0x00000006cab00000)
 Metaspace       used 14920K, capacity 15284K, committed 15488K, reserved 1062912K
  class space    used 1692K, capacity 1796K, committed 1920K, reserved 1048576K
Event: 4391.622 GC heap after
Heap after GC invocations=34 (full 0):
 PSYoungGen      total 103424K, used 20095K [0x000000076ab00000, 0x0000000772d80000, 0x00000007c0000000)
  eden space 73216K, 0% used [0x000000076ab00000,0x000000076ab00000,0x000000076f280000)
  from space 30208K, 66% used [0x0000000771000000,0x000000077239ff08,0x0000000772d80000)
  to   space 30208K, 0% used [0x000000076f280000,0x000000076f280000,0x0000000771000000)
 ParOldGen       total 175104K, used 120958K [0x00000006c0000000, 0x00000006cab00000, 0x000000076ab00000)
  object space 175104K, 69% used [0x00000006c0000000,0x00000006c761fa10,0x00000006cab00000)
 Metaspace       used 14920K, capacity 15284K, committed 15488K, reserved 1062912K
  class space    used 1692K, capacity 1796K, committed 1920K, reserved 1048576K
}

